app/mapping.txt
com.ylx.hotupdatedemo.MainActivity -> com.ylx.hotupdatedemo.MainActivity:
    android.widget.TextView mText01 -> m
    void <init>() -> <init>
    void onCreate(android.os.Bundle) -> onCreate
    void onUpdate(android.view.View) -> onUpdate
com.ylx.hotupdatedemo.SimpleTinkerInApplication -> com.ylx.hotupdatedemo.SimpleTinkerInApplication:
    void <init>() -> <init>
com.ylx.hotupdatedemo.SimpleTinkerInApplicationLike -> com.ylx.hotupdatedemo.SimpleTinkerInApplicationLike:
    void <init>(android.app.Application,int,boolean,long,long,android.content.Intent) -> <init>
    void onBaseContextAttached(android.content.Context) -> onBaseContextAttached
    void onCreate() -> onCreate
...
android.support.v4.view.ViewPropertyAnimatorCompat$LollipopViewPropertyAnimatorCompatImpl -> android.support.v4.g.as$f:
    void <init>() -> <init>
android.support.v4.view.ViewPropertyAnimatorCompat$ViewPropertyAnimatorCompatImpl -> android.support.v4.g.as$g:
    void setDuration(android.support.v4.view.ViewPropertyAnimatorCompat,android.view.View,long) -> a
    long getDuration(android.support.v4.view.ViewPropertyAnimatorCompat,android.view.View) -> a
    void setInterpolator(android.support.v4.view.ViewPropertyAnimatorCompat,android.view.View,android.view.animation.Interpolator) -> a
    void setStartDelay(android.support.v4.view.ViewPropertyAnimatorCompat,android.view.View,long) -> b
    void alpha(android.support.v4.view.ViewPropertyAnimatorCompat,android.view.View,float) -> a
    void cancel(android.support.v4.view.ViewPropertyAnimatorCompat,android.view.View) -> b
    void translationY(android.support.v4.view.ViewPropertyAnimatorCompat,android.view.View,float) -> b
    void start(android.support.v4.view.ViewPropertyAnimatorCompat,android.view.View) -> c
    void setListener(android.support.v4.view.ViewPropertyAnimatorCompat,android.view.View,android.support.v4.view.ViewPropertyAnimatorListener) -> a
    void setUpdateListener(android.support.v4.view.ViewPropertyAnimatorCompat,android.view.View,android.support.v4.view.ViewPropertyAnimatorUpdateListener) -> a
android.support.v4.view.ViewPropertyAnimatorCompatICS -> android.support.v4.g.at:
    void setDuration(android.view.View,long) -> a
    void alpha(android.view.View,float) -> a
    void translationY(android.view.View,float) -> b
    long getDuration(android.view.View) -> a
    void setInterpolator(android.view.View,android.view.animation.Interpolator) -> a
    void setStartDelay(android.view.View,long) -> b
    void cancel(android.view.View) -> b
    void start(android.view.View) -> c
    void setListener(android.view.View,android.support.v4.view.ViewPropertyAnimatorListener) -> a
android.support.v4.view.ViewPropertyAnimatorCompatICS$1 -> android.support.v4.g.at$1:
    android.support.v4.view.ViewPropertyAnimatorListener val$listener -> a
    android.view.View val$view -> b
    void <init>(android.support.v4.view.ViewPropertyAnimatorListener,android.view.View) -> <init>
    void onAnimationCancel(android.animation.Animator) -> onAnimationCancel
    void onAnimationEnd(android.animation.Animator) -> onAnimationEnd
    void onAnimationStart(android.animation.Animator) -> onAnimationStart
android.support.v4.view.ViewPropertyAnimatorCompatJB -> android.support.v4.g.au:
    void setListener(android.view.View,android.support.v4.view.ViewPropertyAnimatorListener) -> a
android.support.v4.view.ViewPropertyAnimatorCompatJB$1 -> android.support.v4.g.au$1:
    android.support.v4.view.ViewPropertyAnimatorListener val$listener -> a
    android.view.View val$view -> b
    void <init>(android.support.v4.view.ViewPropertyAnimatorListener,android.view.View) -> <init>
    void onAnimationCancel(android.animation.Animator) -> onAnimationCancel
    void onAnimationEnd(android.animation.Animator) -> onAnimationEnd
    void onAnimationStart(android.animation.Animator) -> onAnimationStart
android.support.v4.view.ViewPropertyAnimatorCompatKK -> android.support.v4.g.av:
    void setUpdateListener(android.view.View,android.support.v4.view.ViewPropertyAnimatorUpdateListener) -> a
android.support.v4.view.ViewPropertyAnimatorCompatKK$1 -> android.support.v4.g.av$1:
    android.support.v4.view.ViewPropertyAnimatorUpdateListener val$listener -> a
    android.view.View val$view -> b
    void <init>(android.support.v4.view.ViewPropertyAnimatorUpdateListener,android.view.View) -> <init>
    void onAnimationUpdate(android.animation.ValueAnimator) -> onAnimationUpdate
android.support.v4.view.ViewPropertyAnimatorListener -> android.support.v4.g.aw:
    void onAnimationStart(android.view.View) -> a
    void onAnimationEnd(android.view.View) -> b
    void onAnimationCancel(android.view.View) -> c